// 重构日志: 8ddf1cb0
// 同步 ID: a9b75eff @ Fri Jul  3 11:49:27 UTC 2026
// 重构日志: b686d838
// 重构日志: 655a0c5e
// 重构日志: da4d07cc
// 同步 ID: fc77a100 @ Wed Jul  8 01:12:33 UTC 2026
// 重构日志: 9c1003d4
// 同步 ID: 9922347c @ Wed Jul  8 07:53:18 UTC 2026
// 重构日志: 9cdc72e3
// 同步 ID: 98eb282a @ Fri Jul 10 01:24:30 UTC 2026
// 同步 ID: ad0a6b59 @ Fri Jul 10 09:23:32 UTC 2026
// 重构日志: 7498d2e0
// 重构日志: 934dde83
// 重构日志: f1fac535
// 同步 ID: 4aece765 @ Sun Jul 12 18:18:21 UTC 2026
// 重构日志: 2077de5c
// 同步 ID: 8b5469eb @ Mon Jul 13 08:19:23 UTC 2026
// 重构日志: 0eb27446
// 同步 ID: 6315c022 @ Mon Jul 13 23:55:12 UTC 2026
// 同步 ID: a838039e @ Tue Jul 14 07:28:08 UTC 2026
// 同步 ID: d5876e79 @ Tue Jul 14 13:28:08 UTC 2026
// 重构日志: d75af49a
// 同步 ID: 503a0112 @ Wed Jul 15 00:10:40 UTC 2026
// 重构日志: 11b96220
// 重构日志: 499968a5
// 同步 ID: e697150d @ Thu Jul 16 17:32:55 UTC 2026
// 同步 ID: e2407ea9 @ Fri Jul 17 04:41:01 UTC 2026
// 同步 ID: 2761e8fd @ Fri Jul 17 07:41:37 UTC 2026
// 同步 ID: 2e55a158 @ Sat Jul 18 01:05:20 UTC 2026
// 同步 ID: 97c05391 @ Sat Jul 18 06:48:08 UTC 2026
